Analysis & Synthesis report for lab3
Sat Feb 01 23:56:42 2025
Quartus Prime Version 18.1.0 Build 625 09/12/2018 SJ Lite Edition


---------------------
; Table of Contents ;
---------------------
  1. Legal Notice
  2. Analysis & Synthesis Summary
  3. Analysis & Synthesis Settings
  4. Parallel Compilation
  5. Analysis & Synthesis Source Files Read
  6. Analysis & Synthesis Resource Usage Summary
  7. Analysis & Synthesis Resource Utilization by Entity
  8. Analysis & Synthesis DSP Block Usage Summary
  9. Registers Removed During Synthesis
 10. General Register Statistics
 11. Multiplexer Restructuring Statistics (Restructuring Performed)
 12. Source assignments for Top-level Entity: |lab3
 13. Parameter Settings for User Entity Instance: tonegen:tonegen_1
 14. Post-Synthesis Netlist Statistics for Top Partition
 15. Elapsed Time Per Partition
 16. Analysis & Synthesis Messages
 17. Analysis & Synthesis Suppressed Messages



----------------
; Legal Notice ;
----------------
Copyright (C) 2018  Intel Corporation. All rights reserved.
Your use of Intel Corporation's design tools, logic functions 
and other software and tools, and its AMPP partner logic 
functions, and any output files from any of the foregoing 
(including device programming or simulation files), and any 
associated documentation or information are expressly subject 
to the terms and conditions of the Intel Program License 
Subscription Agreement, the Intel Quartus Prime License Agreement,
the Intel FPGA IP License Agreement, or other applicable license
agreement, including, without limitation, that your use is for
the sole purpose of programming logic devices manufactured by
Intel and sold by Intel or its authorized distributors.  Please
refer to the applicable agreement for further details.



+-------------------------------------------------------------------------------+
; Analysis & Synthesis Summary                                                  ;
+---------------------------------+---------------------------------------------+
; Analysis & Synthesis Status     ; Successful - Sat Feb 01 23:56:42 2025       ;
; Quartus Prime Version           ; 18.1.0 Build 625 09/12/2018 SJ Lite Edition ;
; Revision Name                   ; lab3                                        ;
; Top-level Entity Name           ; lab3                                        ;
; Family                          ; Cyclone V                                   ;
; Logic utilization (in ALMs)     ; N/A                                         ;
; Total registers                 ; 97                                          ;
; Total pins                      ; 20                                          ;
; Total virtual pins              ; 0                                           ;
; Total block memory bits         ; 0                                           ;
; Total DSP Blocks                ; 6                                           ;
; Total HSSI RX PCSs              ; 0                                           ;
; Total HSSI PMA RX Deserializers ; 0                                           ;
; Total HSSI TX PCSs              ; 0                                           ;
; Total HSSI PMA TX Serializers   ; 0                                           ;
; Total PLLs                      ; 0                                           ;
; Total DLLs                      ; 0                                           ;
+---------------------------------+---------------------------------------------+


+---------------------------------------------------------------------------------------------------------------------------+
; Analysis & Synthesis Settings                                                                                             ;
+---------------------------------------------------------------------------------+--------------------+--------------------+
; Option                                                                          ; Setting            ; Default Value      ;
+---------------------------------------------------------------------------------+--------------------+--------------------+
; Device                                                                          ; 5CSEMA4U23C6       ;                    ;
; Top-level entity name                                                           ; lab3               ; lab3               ;
; Family name                                                                     ; Cyclone V          ; Cyclone V          ;
; Use smart compilation                                                           ; Off                ; Off                ;
; Enable parallel Assembler and Timing Analyzer during compilation                ; On                 ; On                 ;
; Enable compact report table                                                     ; Off                ; Off                ;
; Restructure Multiplexers                                                        ; Auto               ; Auto               ;
; MLAB Add Timing Constraints For Mixed-Port Feed-Through Mode Setting Don't Care ; Off                ; Off                ;
; Create Debugging Nodes for IP Cores                                             ; Off                ; Off                ;
; Preserve fewer node names                                                       ; On                 ; On                 ;
; Intel FPGA IP Evaluation Mode                                                   ; Enable             ; Enable             ;
; Verilog Version                                                                 ; Verilog_2001       ; Verilog_2001       ;
; VHDL Version                                                                    ; VHDL_1993          ; VHDL_1993          ;
; State Machine Processing                                                        ; Auto               ; Auto               ;
; Safe State Machine                                                              ; Off                ; Off                ;
; Extract Verilog State Machines                                                  ; On                 ; On                 ;
; Extract VHDL State Machines                                                     ; On                 ; On                 ;
; Ignore Verilog initial constructs                                               ; Off                ; Off                ;
; Iteration limit for constant Verilog loops                                      ; 5000               ; 5000               ;
; Iteration limit for non-constant Verilog loops                                  ; 250                ; 250                ;
; Add Pass-Through Logic to Inferred RAMs                                         ; On                 ; On                 ;
; Infer RAMs from Raw Logic                                                       ; On                 ; On                 ;
; Parallel Synthesis                                                              ; On                 ; On                 ;
; DSP Block Balancing                                                             ; Auto               ; Auto               ;
; NOT Gate Push-Back                                                              ; On                 ; On                 ;
; Power-Up Don't Care                                                             ; On                 ; On                 ;
; Remove Redundant Logic Cells                                                    ; Off                ; Off                ;
; Remove Duplicate Registers                                                      ; On                 ; On                 ;
; Ignore CARRY Buffers                                                            ; Off                ; Off                ;
; Ignore CASCADE Buffers                                                          ; Off                ; Off                ;
; Ignore GLOBAL Buffers                                                           ; Off                ; Off                ;
; Ignore ROW GLOBAL Buffers                                                       ; Off                ; Off                ;
; Ignore LCELL Buffers                                                            ; Off                ; Off                ;
; Ignore SOFT Buffers                                                             ; On                 ; On                 ;
; Limit AHDL Integers to 32 Bits                                                  ; Off                ; Off                ;
; Optimization Technique                                                          ; Balanced           ; Balanced           ;
; Carry Chain Length                                                              ; 70                 ; 70                 ;
; Auto Carry Chains                                                               ; On                 ; On                 ;
; Auto Open-Drain Pins                                                            ; On                 ; On                 ;
; Perform WYSIWYG Primitive Resynthesis                                           ; Off                ; Off                ;
; Auto ROM Replacement                                                            ; On                 ; On                 ;
; Auto RAM Replacement                                                            ; On                 ; On                 ;
; Auto DSP Block Replacement                                                      ; On                 ; On                 ;
; Auto Shift Register Replacement                                                 ; Auto               ; Auto               ;
; Allow Shift Register Merging across Hierarchies                                 ; Auto               ; Auto               ;
; Auto Clock Enable Replacement                                                   ; On                 ; On                 ;
; Strict RAM Replacement                                                          ; Off                ; Off                ;
; Allow Synchronous Control Signals                                               ; On                 ; On                 ;
; Force Use of Synchronous Clear Signals                                          ; Off                ; Off                ;
; Auto Resource Sharing                                                           ; Off                ; Off                ;
; Allow Any RAM Size For Recognition                                              ; Off                ; Off                ;
; Allow Any ROM Size For Recognition                                              ; Off                ; Off                ;
; Allow Any Shift Register Size For Recognition                                   ; Off                ; Off                ;
; Use LogicLock Constraints during Resource Balancing                             ; On                 ; On                 ;
; Ignore translate_off and synthesis_off directives                               ; Off                ; Off                ;
; Timing-Driven Synthesis                                                         ; On                 ; On                 ;
; Report Parameter Settings                                                       ; On                 ; On                 ;
; Report Source Assignments                                                       ; On                 ; On                 ;
; Report Connectivity Checks                                                      ; On                 ; On                 ;
; Ignore Maximum Fan-Out Assignments                                              ; Off                ; Off                ;
; Synchronization Register Chain Length                                           ; 3                  ; 3                  ;
; Power Optimization During Synthesis                                             ; Normal compilation ; Normal compilation ;
; HDL message level                                                               ; Level2             ; Level2             ;
; Suppress Register Optimization Related Messages                                 ; Off                ; Off                ;
; Number of Removed Registers Reported in Synthesis Report                        ; 5000               ; 5000               ;
; Number of Swept Nodes Reported in Synthesis Report                              ; 5000               ; 5000               ;
; Number of Inverted Registers Reported in Synthesis Report                       ; 100                ; 100                ;
; Clock MUX Protection                                                            ; On                 ; On                 ;
; Auto Gated Clock Conversion                                                     ; Off                ; Off                ;
; Block Design Naming                                                             ; Auto               ; Auto               ;
; SDC constraint protection                                                       ; Off                ; Off                ;
; Synthesis Effort                                                                ; Auto               ; Auto               ;
; Shift Register Replacement - Allow Asynchronous Clear Signal                    ; On                 ; On                 ;
; Pre-Mapping Resynthesis Optimization                                            ; Off                ; Off                ;
; Analysis & Synthesis Message Level                                              ; Medium             ; Medium             ;
; Disable Register Merging Across Hierarchies                                     ; Auto               ; Auto               ;
; Resource Aware Inference For Block RAM                                          ; On                 ; On                 ;
; Automatic Parallel Synthesis                                                    ; On                 ; On                 ;
; Partial Reconfiguration Bitstream ID                                            ; Off                ; Off                ;
+---------------------------------------------------------------------------------+--------------------+--------------------+


+------------------------------------------+
; Parallel Compilation                     ;
+----------------------------+-------------+
; Processors                 ; Number      ;
+----------------------------+-------------+
; Number detected on machine ; 8           ;
; Maximum allowed            ; 4           ;
;                            ;             ;
; Average used               ; 1.00        ;
; Maximum used               ; 4           ;
;                            ;             ;
; Usage by Processor         ; % Time Used ;
;     Processor 1            ; 100.0%      ;
;     Processor 2            ;   0.0%      ;
;     Processor 3            ;   0.0%      ;
;     Processor 4            ;   0.0%      ;
+----------------------------+-------------+


+------------------------------------------------------------------------------------------------------------------------------------------------+
; Analysis & Synthesis Source Files Read                                                                                                         ;
+----------------------------------+-----------------+------------------------------+--------------------------------------------------+---------+
; File Name with User-Entered Path ; Used in Netlist ; File Type                    ; File Name with Absolute Path                     ; Library ;
+----------------------------------+-----------------+------------------------------+--------------------------------------------------+---------+
; enc2freq.sv                      ; yes             ; User SystemVerilog HDL File  ; C:/SHAMM/github repos/ELEX-7660/Lab3/enc2freq.sv ;         ;
; lab3.sv                          ; yes             ; User SystemVerilog HDL File  ; C:/SHAMM/github repos/ELEX-7660/Lab3/lab3.sv     ;         ;
; tonegen.sv                       ; yes             ; User SystemVerilog HDL File  ; C:/SHAMM/github repos/ELEX-7660/Lab3/tonegen.sv  ;         ;
; encoder.sv                       ; yes             ; User SystemVerilog HDL File  ; C:/SHAMM/github repos/ELEX-7660/Lab3/encoder.sv  ;         ;
; decode7.sv                       ; yes             ; User SystemVerilog HDL File  ; C:/SHAMM/github repos/ELEX-7660/Lab3/decode7.sv  ;         ;
; decode2.sv                       ; yes             ; User SystemVerilog HDL File  ; C:/SHAMM/github repos/ELEX-7660/Lab3/decode2.sv  ;         ;
+----------------------------------+-----------------+------------------------------+--------------------------------------------------+---------+


+--------------------------------------------------------------+
; Analysis & Synthesis Resource Usage Summary                  ;
+---------------------------------------------+----------------+
; Resource                                    ; Usage          ;
+---------------------------------------------+----------------+
; Estimate of Logic utilization (ALMs needed) ; 117            ;
;                                             ;                ;
; Combinational ALUT usage for logic          ; 218            ;
;     -- 7 input functions                    ; 0              ;
;     -- 6 input functions                    ; 15             ;
;     -- 5 input functions                    ; 4              ;
;     -- 4 input functions                    ; 25             ;
;     -- <=3 input functions                  ; 174            ;
;                                             ;                ;
; Dedicated logic registers                   ; 97             ;
;                                             ;                ;
; I/O pins                                    ; 20             ;
;                                             ;                ;
; Total DSP Blocks                            ; 6              ;
;                                             ;                ;
; Maximum fan-out node                        ; CLOCK_50~input ;
; Maximum fan-out                             ; 97             ;
; Total fan-out                               ; 1080           ;
; Average fan-out                             ; 2.99           ;
+---------------------------------------------+----------------+


+----------------------------------------------------------------------------------------------------------------------------------------------------------------------------------------------+
; Analysis & Synthesis Resource Utilization by Entity                                                                                                                                          ;
+----------------------------+---------------------+---------------------------+-------------------+------------+------+--------------+---------------------------+-------------+--------------+
; Compilation Hierarchy Node ; Combinational ALUTs ; Dedicated Logic Registers ; Block Memory Bits ; DSP Blocks ; Pins ; Virtual Pins ; Full Hierarchy Name       ; Entity Name ; Library Name ;
+----------------------------+---------------------+---------------------------+-------------------+------------+------+--------------+---------------------------+-------------+--------------+
; |lab3                      ; 218 (23)            ; 97 (18)                   ; 0                 ; 6          ; 20   ; 0            ; |lab3                     ; lab3        ; work         ;
;    |decode2:decode2_0|     ; 1 (1)               ; 0 (0)                     ; 0                 ; 0          ; 0    ; 0            ; |lab3|decode2:decode2_0   ; decode2     ; work         ;
;    |decode7:decode7_0|     ; 7 (7)               ; 0 (0)                     ; 0                 ; 0          ; 0    ; 0            ; |lab3|decode7:decode7_0   ; decode7     ; work         ;
;    |enc2freq:enc2freq_1|   ; 27 (27)             ; 10 (10)                   ; 0                 ; 0          ; 0    ; 0            ; |lab3|enc2freq:enc2freq_1 ; enc2freq    ; work         ;
;    |encoder:encoder_1|     ; 2 (2)               ; 4 (4)                     ; 0                 ; 0          ; 0    ; 0            ; |lab3|encoder:encoder_1   ; encoder     ; work         ;
;    |tonegen:tonegen_1|     ; 158 (158)           ; 65 (65)                   ; 0                 ; 6          ; 0    ; 0            ; |lab3|tonegen:tonegen_1   ; tonegen     ; work         ;
+----------------------------+---------------------+---------------------------+-------------------+------------+------+--------------+---------------------------+-------------+--------------+
Note: For table entries with two numbers listed, the numbers in parentheses indicate the number of resources of the given type used by the specific entity alone. The numbers listed outside of parentheses indicate the total resources of the given type used by the specific entity and all of its sub-entities in the hierarchy.


+--------------------------------------------------------+
; Analysis & Synthesis DSP Block Usage Summary           ;
+------------------------------------------+-------------+
; Statistic                                ; Number Used ;
+------------------------------------------+-------------+
; Two Independent 18x18                    ; 2           ;
; Sum of two 18x18                         ; 1           ;
; Independent 27x27                        ; 3           ;
; Total number of DSP blocks               ; 6           ;
;                                          ;             ;
; Fixed Point Unsigned Multiplier          ; 7           ;
; Fixed Point Dedicated Output Adder Chain ; 1           ;
+------------------------------------------+-------------+


+--------------------------------------------------------------------------------+
; Registers Removed During Synthesis                                             ;
+---------------------------------------+----------------------------------------+
; Register name                         ; Reason for Removal                     ;
+---------------------------------------+----------------------------------------+
; enc2freq:enc2freq_1|ccw_pulse         ; Stuck at GND due to stuck port data_in ;
; enc2freq:enc2freq_1|cw_pulse          ; Stuck at GND due to stuck port data_in ;
; Total Number of Removed Registers = 2 ;                                        ;
+---------------------------------------+----------------------------------------+


+------------------------------------------------------+
; General Register Statistics                          ;
+----------------------------------------------+-------+
; Statistic                                    ; Value ;
+----------------------------------------------+-------+
; Total registers                              ; 97    ;
; Number of registers using Synchronous Clear  ; 64    ;
; Number of registers using Synchronous Load   ; 0     ;
; Number of registers using Asynchronous Clear ; 0     ;
; Number of registers using Asynchronous Load  ; 0     ;
; Number of registers using Clock Enable       ; 4     ;
; Number of registers using Preset             ; 0     ;
+----------------------------------------------+-------+


+------------------------------------------------------------------------------------------------------------------------------------------------------------+
; Multiplexer Restructuring Statistics (Restructuring Performed)                                                                                             ;
+--------------------+-----------+---------------+----------------------+------------------------+------------+----------------------------------------------+
; Multiplexer Inputs ; Bus Width ; Baseline Area ; Area if Restructured ; Saving if Restructured ; Registered ; Example Multiplexer Output                   ;
+--------------------+-----------+---------------+----------------------+------------------------+------------+----------------------------------------------+
; 4:1                ; 3 bits    ; 6 LEs         ; 6 LEs                ; 0 LEs                  ; Yes        ; |lab3|enc2freq:enc2freq_1|cw_pulse_count[0]  ;
; 4:1                ; 3 bits    ; 6 LEs         ; 6 LEs                ; 0 LEs                  ; Yes        ; |lab3|enc2freq:enc2freq_1|ccw_pulse_count[0] ;
; 4:1                ; 64 bits   ; 128 LEs       ; 0 LEs                ; 128 LEs                ; Yes        ; |lab3|tonegen:tonegen_1|counter[50]          ;
; 4:1                ; 2 bits    ; 4 LEs         ; 4 LEs                ; 0 LEs                  ; No         ; |lab3|Mux1                                   ;
; 4:1                ; 2 bits    ; 4 LEs         ; 4 LEs                ; 0 LEs                  ; No         ; |lab3|Mux2                                   ;
+--------------------+-----------+---------------+----------------------+------------------------+------------+----------------------------------------------+


+------------------------------------------------+
; Source assignments for Top-level Entity: |lab3 ;
+-----------------------+-------+------+---------+
; Assignment            ; Value ; From ; To      ;
+-----------------------+-------+------+---------+
; WEAK_PULL_UP_RESISTOR ; ON    ; -    ; enc1_a  ;
; WEAK_PULL_UP_RESISTOR ; ON    ; -    ; enc1_b  ;
; WEAK_PULL_UP_RESISTOR ; ON    ; -    ; enc2_a  ;
; WEAK_PULL_UP_RESISTOR ; ON    ; -    ; enc2_b  ;
+-----------------------+-------+------+---------+


+----------------------------------------------------------------+
; Parameter Settings for User Entity Instance: tonegen:tonegen_1 ;
+----------------+----------+------------------------------------+
; Parameter Name ; Value    ; Type                               ;
+----------------+----------+------------------------------------+
; FCLK           ; 50000000 ; Signed Integer                     ;
+----------------+----------+------------------------------------+
Note: In order to hide this table in the UI and the text report file, please set the "Show Parameter Settings in Synthesis Report" option in "Analysis and Synthesis Settings -> More Settings" to "Off".


+-----------------------------------------------------+
; Post-Synthesis Netlist Statistics for Top Partition ;
+-----------------------+-----------------------------+
; Type                  ; Count                       ;
+-----------------------+-----------------------------+
; arriav_ff             ; 97                          ;
;     ENA               ; 4                           ;
;     SCLR              ; 64                          ;
;     plain             ; 29                          ;
; arriav_lcell_comb     ; 227                         ;
;     arith             ; 121                         ;
;         1 data inputs ; 86                          ;
;         2 data inputs ; 35                          ;
;     normal            ; 69                          ;
;         0 data inputs ; 1                           ;
;         1 data inputs ; 9                           ;
;         2 data inputs ; 11                          ;
;         3 data inputs ; 4                           ;
;         4 data inputs ; 25                          ;
;         5 data inputs ; 4                           ;
;         6 data inputs ; 15                          ;
;     shared            ; 37                          ;
;         2 data inputs ; 31                          ;
;         3 data inputs ; 6                           ;
; arriav_mac            ; 6                           ;
; boundary_port         ; 20                          ;
;                       ;                             ;
; Max LUT depth         ; 8.30                        ;
; Average LUT depth     ; 5.19                        ;
+-----------------------+-----------------------------+


+-------------------------------+
; Elapsed Time Per Partition    ;
+----------------+--------------+
; Partition Name ; Elapsed Time ;
+----------------+--------------+
; Top            ; 00:00:00     ;
+----------------+--------------+


+-------------------------------+
; Analysis & Synthesis Messages ;
+-------------------------------+
Info: *******************************************************************
Info: Running Quartus Prime Analysis & Synthesis
    Info: Version 18.1.0 Build 625 09/12/2018 SJ Lite Edition
    Info: Processing started: Sat Feb 01 23:56:30 2025
Info: Command: quartus_map --read_settings_files=on --write_settings_files=off lab3 -c lab3
Warning (18236): Number of processors has not been specified which may cause overloading on shared machines.  Set the global assignment NUM_PARALLEL_PROCESSORS in your QSF to an appropriate value for best performance.
Info (20030): Parallel compilation is enabled and will use 4 of the 4 processors detected
Info (12021): Found 1 design units, including 1 entities, in source file enc2freq_tb.sv
    Info (12023): Found entity 1: enc2freq_tb File: C:/SHAMM/github repos/ELEX-7660/Lab3/enc2freq_tb.sv Line: 8
Info (12021): Found 1 design units, including 1 entities, in source file enc2freq.sv
    Info (12023): Found entity 1: enc2freq File: C:/SHAMM/github repos/ELEX-7660/Lab3/enc2freq.sv Line: 7
Info (12021): Found 1 design units, including 1 entities, in source file lab3.sv
    Info (12023): Found entity 1: lab3 File: C:/SHAMM/github repos/ELEX-7660/Lab3/lab3.sv Line: 8
Info (12021): Found 1 design units, including 1 entities, in source file tonegen.sv
    Info (12023): Found entity 1: tonegen File: C:/SHAMM/github repos/ELEX-7660/Lab3/tonegen.sv Line: 1
Info (12021): Found 1 design units, including 1 entities, in source file encoder.sv
    Info (12023): Found entity 1: encoder File: C:/SHAMM/github repos/ELEX-7660/Lab3/encoder.sv Line: 6
Info (12021): Found 1 design units, including 1 entities, in source file enc2bcd.sv
    Info (12023): Found entity 1: enc2bcd File: C:/SHAMM/github repos/ELEX-7660/Lab3/enc2bcd.sv Line: 7
Info (12021): Found 1 design units, including 1 entities, in source file decode7.sv
    Info (12023): Found entity 1: decode7 File: C:/SHAMM/github repos/ELEX-7660/Lab3/decode7.sv Line: 7
Info (12021): Found 1 design units, including 1 entities, in source file decode2.sv
    Info (12023): Found entity 1: decode2 File: C:/SHAMM/github repos/ELEX-7660/Lab3/decode2.sv Line: 8
Info (12021): Found 1 design units, including 1 entities, in source file tonegen_tb.sv
    Info (12023): Found entity 1: tonegen_tb File: C:/SHAMM/github repos/ELEX-7660/Lab3/tonegen_tb.sv Line: 9
Info (12127): Elaborating entity "lab3" for the top level hierarchy
Warning (10230): Verilog HDL assignment warning at lab3.sv(71): truncated value with size 5 to match size of target (4) File: C:/SHAMM/github repos/ELEX-7660/Lab3/lab3.sv Line: 71
Info (12128): Elaborating entity "decode2" for hierarchy "decode2:decode2_0" File: C:/SHAMM/github repos/ELEX-7660/Lab3/lab3.sv Line: 29
Info (12128): Elaborating entity "decode7" for hierarchy "decode7:decode7_0" File: C:/SHAMM/github repos/ELEX-7660/Lab3/lab3.sv Line: 30
Info (12128): Elaborating entity "encoder" for hierarchy "encoder:encoder_1" File: C:/SHAMM/github repos/ELEX-7660/Lab3/lab3.sv Line: 32
Info (12128): Elaborating entity "tonegen" for hierarchy "tonegen:tonegen_1" File: C:/SHAMM/github repos/ELEX-7660/Lab3/lab3.sv Line: 35
Info (12128): Elaborating entity "enc2freq" for hierarchy "enc2freq:enc2freq_1" File: C:/SHAMM/github repos/ELEX-7660/Lab3/lab3.sv Line: 37
Warning (10230): Verilog HDL assignment warning at enc2freq.sv(27): truncated value with size 32 to match size of target (3) File: C:/SHAMM/github repos/ELEX-7660/Lab3/enc2freq.sv Line: 27
Warning (10230): Verilog HDL assignment warning at enc2freq.sv(48): truncated value with size 32 to match size of target (3) File: C:/SHAMM/github repos/ELEX-7660/Lab3/enc2freq.sv Line: 48
Info (13014): Ignored 2 buffer(s)
    Info (13019): Ignored 2 SOFT buffer(s)
Warning (13024): Output pins are stuck at VCC or GND
    Warning (13410): Pin "leds[7]" is stuck at GND File: C:/SHAMM/github repos/ELEX-7660/Lab3/lab3.sv Line: 14
Info (286030): Timing-Driven Synthesis is running
Info (144001): Generated suppressed messages file C:/SHAMM/github repos/ELEX-7660/Lab3/output_files/lab3.map.smsg
Info (16010): Generating hard_block partition "hard_block:auto_generated_inst"
    Info (16011): Adding 0 node(s), including 0 DDIO, 0 PLL, 0 transceiver and 0 LCELL
Warning (21074): Design contains 2 input pin(s) that do not drive logic
    Warning (15610): No output dependent on input pin "enc2_a" File: C:/SHAMM/github repos/ELEX-7660/Lab3/lab3.sv Line: 12
    Warning (15610): No output dependent on input pin "enc2_b" File: C:/SHAMM/github repos/ELEX-7660/Lab3/lab3.sv Line: 12
Info (21057): Implemented 248 device resources after synthesis - the final resource count might be different
    Info (21058): Implemented 7 input pins
    Info (21059): Implemented 13 output pins
    Info (21061): Implemented 222 logic cells
    Info (21062): Implemented 6 DSP elements
Info: Quartus Prime Analysis & Synthesis was successful. 0 errors, 9 warnings
    Info: Peak virtual memory: 4835 megabytes
    Info: Processing ended: Sat Feb 01 23:56:42 2025
    Info: Elapsed time: 00:00:12
    Info: Total CPU time (on all processors): 00:00:10


+------------------------------------------+
; Analysis & Synthesis Suppressed Messages ;
+------------------------------------------+
The suppressed messages can be found in C:/SHAMM/github repos/ELEX-7660/Lab3/output_files/lab3.map.smsg.


